2023-04-23 08:14:08,635 INFO com.unclejack.spring.jpa.MinimartApplication [main] Starting MinimartApplication v0.0.1-SNAPSHOT using Java 11.0.16 on localhost with PID 1 (/app.jar started by root in /)
2023-04-23 08:14:08,635 INFO com.unclejack.spring.jpa.MinimartApplication [main] Starting MinimartApplication v0.0.1-SNAPSHOT using Java 11.0.16 on localhost with PID 1 (/app.jar started by root in /)
2023-04-23 08:14:08,637 INFO com.unclejack.spring.jpa.MinimartApplication [main] No active profile set, falling back to 1 default profile: "default"
2023-04-23 08:14:08,637 INFO com.unclejack.spring.jpa.MinimartApplication [main] No active profile set, falling back to 1 default profile: "default"
2023-04-23 08:14:09,363 INFO org.springframework.data.repository.config.RepositoryConfigurationDelegate [main] Bootstrapping Spring Data JPA repositories in DEFAULT mode.
2023-04-23 08:14:09,405 INFO org.springframework.data.repository.config.RepositoryConfigurationDelegate [main] Finished Spring Data repository scanning in 33 ms. Found 2 JPA repository interfaces.
2023-04-23 08:14:09,899 INFO org.springframework.boot.web.embedded.tomcat.TomcatWebServer [main] Tomcat initialized with port(s): 8080 (http)
2023-04-23 08:14:09,908 INFO org.apache.catalina.core.StandardService [main] Starting service [Tomcat]
2023-04-23 08:14:09,908 INFO org.apache.catalina.core.StandardEngine [main] Starting Servlet engine: [Apache Tomcat/9.0.64]
2023-04-23 08:14:09,962 INFO org.apache.catalina.core.ContainerBase.[Tomcat].[localhost].[/] [main] Initializing Spring embedded WebApplicationContext
2023-04-23 08:14:09,963 INFO org.springframework.boot.web.servlet.context.ServletWebServerApplicationContext [main] Root WebApplicationContext: initialization completed in 1272 ms
2023-04-23 08:14:10,092 INFO org.hibernate.jpa.internal.util.LogHelper [main] HHH000204: Processing PersistenceUnitInfo [name: default]
2023-04-23 08:14:10,129 INFO org.hibernate.Version [main] HHH000412: Hibernate ORM core version 5.6.9.Final
2023-04-23 08:14:10,279 INFO org.hibernate.annotations.common.Version [main] HCANN000001: Hibernate Commons Annotations {5.1.2.Final}
2023-04-23 08:14:10,363 INFO com.zaxxer.hikari.HikariDataSource [main] HikariPool-1 - Starting...
2023-04-23 08:14:10,462 INFO com.zaxxer.hikari.HikariDataSource [main] HikariPool-1 - Start completed.
2023-04-23 08:14:10,486 INFO org.hibernate.dialect.Dialect [main] HHH000400: Using dialect: org.hibernate.dialect.PostgreSQLDialect
2023-04-23 08:14:10,982 INFO org.hibernate.engine.transaction.jta.platform.internal.JtaPlatformInitiator [main] HHH000490: Using JtaPlatform implementation: [org.hibernate.engine.transaction.jta.platform.internal.NoJtaPlatform]
2023-04-23 08:14:10,990 INFO org.springframework.orm.jpa.LocalContainerEntityManagerFactoryBean [main] Initialized JPA EntityManagerFactory for persistence unit 'default'
2023-04-23 08:14:11,558 WARN org.springframework.boot.autoconfigure.orm.jpa.JpaBaseConfiguration$JpaWebConfiguration [main] spring.jpa.open-in-view is enabled by default. Therefore, database queries may be performed during view rendering. Explicitly configure spring.jpa.open-in-view to disable this warning
2023-04-23 08:14:11,918 WARN org.springframework.boot.web.servlet.context.AnnotationConfigServletWebServerApplicationContext [main] Exception encountered during context initialization - cancelling refresh attempt: org.springframework.context.ApplicationContextException: Failed to start bean 'webServerStartStop'; nested exception is org.springframework.boot.web.server.PortInUseException: Port 8080 is already in use
2023-04-23 08:14:11,935 INFO org.springframework.orm.jpa.LocalContainerEntityManagerFactoryBean [main] Closing JPA EntityManagerFactory for persistence unit 'default'
2023-04-23 08:14:11,938 INFO com.zaxxer.hikari.HikariDataSource [main] HikariPool-1 - Shutdown initiated...
2023-04-23 08:14:11,955 INFO com.zaxxer.hikari.HikariDataSource [main] HikariPool-1 - Shutdown completed.
2023-04-23 08:14:11,957 INFO org.apache.catalina.core.StandardService [main] Stopping service [Tomcat]
2023-04-23 08:14:11,973 INFO org.springframework.boot.autoconfigure.logging.ConditionEvaluationReportLoggingListener [main] 

Error starting ApplicationContext. To display the conditions report re-run your application with 'debug' enabled.
2023-04-23 08:14:11,992 ERROR org.springframework.boot.diagnostics.LoggingFailureAnalysisReporter [main] 

***************************
APPLICATION FAILED TO START
***************************

Description:

Web server failed to start. Port 8080 was already in use.

Action:

Identify and stop the process that's listening on port 8080 or configure this application to listen on another port.

2023-04-23 08:14:14,739 INFO com.unclejack.spring.jpa.MinimartApplication [main] Starting MinimartApplication v0.0.1-SNAPSHOT using Java 11.0.16 on localhost with PID 1 (/app.jar started by root in /)
2023-04-23 08:14:14,739 INFO com.unclejack.spring.jpa.MinimartApplication [main] Starting MinimartApplication v0.0.1-SNAPSHOT using Java 11.0.16 on localhost with PID 1 (/app.jar started by root in /)
2023-04-23 08:14:14,742 INFO com.unclejack.spring.jpa.MinimartApplication [main] No active profile set, falling back to 1 default profile: "default"
2023-04-23 08:14:14,742 INFO com.unclejack.spring.jpa.MinimartApplication [main] No active profile set, falling back to 1 default profile: "default"
2023-04-23 08:14:15,462 INFO org.springframework.data.repository.config.RepositoryConfigurationDelegate [main] Bootstrapping Spring Data JPA repositories in DEFAULT mode.
2023-04-23 08:14:15,500 INFO org.springframework.data.repository.config.RepositoryConfigurationDelegate [main] Finished Spring Data repository scanning in 30 ms. Found 2 JPA repository interfaces.
2023-04-23 08:14:16,026 INFO org.springframework.boot.web.embedded.tomcat.TomcatWebServer [main] Tomcat initialized with port(s): 8080 (http)
2023-04-23 08:14:16,036 INFO org.apache.catalina.core.StandardService [main] Starting service [Tomcat]
2023-04-23 08:14:16,037 INFO org.apache.catalina.core.StandardEngine [main] Starting Servlet engine: [Apache Tomcat/9.0.64]
2023-04-23 08:14:16,093 INFO org.apache.catalina.core.ContainerBase.[Tomcat].[localhost].[/] [main] Initializing Spring embedded WebApplicationContext
2023-04-23 08:14:16,094 INFO org.springframework.boot.web.servlet.context.ServletWebServerApplicationContext [main] Root WebApplicationContext: initialization completed in 1283 ms
2023-04-23 08:14:16,201 INFO org.hibernate.jpa.internal.util.LogHelper [main] HHH000204: Processing PersistenceUnitInfo [name: default]
2023-04-23 08:14:16,240 INFO org.hibernate.Version [main] HHH000412: Hibernate ORM core version 5.6.9.Final
2023-04-23 08:14:16,374 INFO org.hibernate.annotations.common.Version [main] HCANN000001: Hibernate Commons Annotations {5.1.2.Final}
2023-04-23 08:14:16,448 INFO com.zaxxer.hikari.HikariDataSource [main] HikariPool-1 - Starting...
2023-04-23 08:14:16,532 INFO com.zaxxer.hikari.HikariDataSource [main] HikariPool-1 - Start completed.
2023-04-23 08:14:16,547 INFO org.hibernate.dialect.Dialect [main] HHH000400: Using dialect: org.hibernate.dialect.PostgreSQLDialect
2023-04-23 08:14:16,994 INFO org.hibernate.engine.transaction.jta.platform.internal.JtaPlatformInitiator [main] HHH000490: Using JtaPlatform implementation: [org.hibernate.engine.transaction.jta.platform.internal.NoJtaPlatform]
2023-04-23 08:14:17,002 INFO org.springframework.orm.jpa.LocalContainerEntityManagerFactoryBean [main] Initialized JPA EntityManagerFactory for persistence unit 'default'
2023-04-23 08:14:17,488 WARN org.springframework.boot.autoconfigure.orm.jpa.JpaBaseConfiguration$JpaWebConfiguration [main] spring.jpa.open-in-view is enabled by default. Therefore, database queries may be performed during view rendering. Explicitly configure spring.jpa.open-in-view to disable this warning
2023-04-23 08:14:17,761 WARN org.springframework.boot.web.servlet.context.AnnotationConfigServletWebServerApplicationContext [main] Exception encountered during context initialization - cancelling refresh attempt: org.springframework.context.ApplicationContextException: Failed to start bean 'webServerStartStop'; nested exception is org.springframework.boot.web.server.PortInUseException: Port 8080 is already in use
2023-04-23 08:14:17,762 INFO org.springframework.orm.jpa.LocalContainerEntityManagerFactoryBean [main] Closing JPA EntityManagerFactory for persistence unit 'default'
2023-04-23 08:14:17,764 INFO com.zaxxer.hikari.HikariDataSource [main] HikariPool-1 - Shutdown initiated...
2023-04-23 08:14:17,774 INFO com.zaxxer.hikari.HikariDataSource [main] HikariPool-1 - Shutdown completed.
2023-04-23 08:14:17,777 INFO org.apache.catalina.core.StandardService [main] Stopping service [Tomcat]
2023-04-23 08:14:17,787 INFO org.springframework.boot.autoconfigure.logging.ConditionEvaluationReportLoggingListener [main] 

Error starting ApplicationContext. To display the conditions report re-run your application with 'debug' enabled.
2023-04-23 08:14:17,801 ERROR org.springframework.boot.diagnostics.LoggingFailureAnalysisReporter [main] 

***************************
APPLICATION FAILED TO START
***************************

Description:

Web server failed to start. Port 8080 was already in use.

Action:

Identify and stop the process that's listening on port 8080 or configure this application to listen on another port.

2023-04-23 08:14:22,068 INFO com.unclejack.spring.jpa.MinimartApplication [main] Starting MinimartApplication v0.0.1-SNAPSHOT using Java 11.0.16 on localhost with PID 1 (/app.jar started by root in /)
2023-04-23 08:14:22,068 INFO com.unclejack.spring.jpa.MinimartApplication [main] Starting MinimartApplication v0.0.1-SNAPSHOT using Java 11.0.16 on localhost with PID 1 (/app.jar started by root in /)
2023-04-23 08:14:22,071 INFO com.unclejack.spring.jpa.MinimartApplication [main] No active profile set, falling back to 1 default profile: "default"
2023-04-23 08:14:22,071 INFO com.unclejack.spring.jpa.MinimartApplication [main] No active profile set, falling back to 1 default profile: "default"
2023-04-23 08:14:22,779 INFO org.springframework.data.repository.config.RepositoryConfigurationDelegate [main] Bootstrapping Spring Data JPA repositories in DEFAULT mode.
2023-04-23 08:14:22,821 INFO org.springframework.data.repository.config.RepositoryConfigurationDelegate [main] Finished Spring Data repository scanning in 33 ms. Found 2 JPA repository interfaces.
2023-04-23 08:14:23,388 INFO org.springframework.boot.web.embedded.tomcat.TomcatWebServer [main] Tomcat initialized with port(s): 8080 (http)
2023-04-23 08:14:23,398 INFO org.apache.catalina.core.StandardService [main] Starting service [Tomcat]
2023-04-23 08:14:23,399 INFO org.apache.catalina.core.StandardEngine [main] Starting Servlet engine: [Apache Tomcat/9.0.64]
2023-04-23 08:14:23,457 INFO org.apache.catalina.core.ContainerBase.[Tomcat].[localhost].[/] [main] Initializing Spring embedded WebApplicationContext
2023-04-23 08:14:23,458 INFO org.springframework.boot.web.servlet.context.ServletWebServerApplicationContext [main] Root WebApplicationContext: initialization completed in 1316 ms
2023-04-23 08:14:23,574 INFO org.hibernate.jpa.internal.util.LogHelper [main] HHH000204: Processing PersistenceUnitInfo [name: default]
2023-04-23 08:14:23,608 INFO org.hibernate.Version [main] HHH000412: Hibernate ORM core version 5.6.9.Final
2023-04-23 08:14:23,733 INFO org.hibernate.annotations.common.Version [main] HCANN000001: Hibernate Commons Annotations {5.1.2.Final}
2023-04-23 08:14:23,801 INFO com.zaxxer.hikari.HikariDataSource [main] HikariPool-1 - Starting...
2023-04-23 08:14:23,872 INFO com.zaxxer.hikari.HikariDataSource [main] HikariPool-1 - Start completed.
2023-04-23 08:14:23,885 INFO org.hibernate.dialect.Dialect [main] HHH000400: Using dialect: org.hibernate.dialect.PostgreSQLDialect
2023-04-23 08:14:24,320 INFO org.hibernate.engine.transaction.jta.platform.internal.JtaPlatformInitiator [main] HHH000490: Using JtaPlatform implementation: [org.hibernate.engine.transaction.jta.platform.internal.NoJtaPlatform]
2023-04-23 08:14:24,326 INFO org.springframework.orm.jpa.LocalContainerEntityManagerFactoryBean [main] Initialized JPA EntityManagerFactory for persistence unit 'default'
2023-04-23 08:14:24,799 WARN org.springframework.boot.autoconfigure.orm.jpa.JpaBaseConfiguration$JpaWebConfiguration [main] spring.jpa.open-in-view is enabled by default. Therefore, database queries may be performed during view rendering. Explicitly configure spring.jpa.open-in-view to disable this warning
2023-04-23 08:14:25,057 WARN org.springframework.boot.web.servlet.context.AnnotationConfigServletWebServerApplicationContext [main] Exception encountered during context initialization - cancelling refresh attempt: org.springframework.context.ApplicationContextException: Failed to start bean 'webServerStartStop'; nested exception is org.springframework.boot.web.server.PortInUseException: Port 8080 is already in use
2023-04-23 08:14:25,059 INFO org.springframework.orm.jpa.LocalContainerEntityManagerFactoryBean [main] Closing JPA EntityManagerFactory for persistence unit 'default'
2023-04-23 08:14:25,061 INFO com.zaxxer.hikari.HikariDataSource [main] HikariPool-1 - Shutdown initiated...
2023-04-23 08:14:25,091 INFO com.zaxxer.hikari.HikariDataSource [main] HikariPool-1 - Shutdown completed.
2023-04-23 08:14:25,093 INFO org.apache.catalina.core.StandardService [main] Stopping service [Tomcat]
2023-04-23 08:14:25,104 INFO org.springframework.boot.autoconfigure.logging.ConditionEvaluationReportLoggingListener [main] 

Error starting ApplicationContext. To display the conditions report re-run your application with 'debug' enabled.
2023-04-23 08:14:25,120 ERROR org.springframework.boot.diagnostics.LoggingFailureAnalysisReporter [main] 

***************************
APPLICATION FAILED TO START
***************************

Description:

Web server failed to start. Port 8080 was already in use.

Action:

Identify and stop the process that's listening on port 8080 or configure this application to listen on another port.

2023-04-23 08:14:32,573 INFO com.unclejack.spring.jpa.MinimartApplication [main] Starting MinimartApplication v0.0.1-SNAPSHOT using Java 11.0.16 on localhost with PID 1 (/app.jar started by root in /)
2023-04-23 08:14:32,573 INFO com.unclejack.spring.jpa.MinimartApplication [main] Starting MinimartApplication v0.0.1-SNAPSHOT using Java 11.0.16 on localhost with PID 1 (/app.jar started by root in /)
2023-04-23 08:14:32,577 INFO com.unclejack.spring.jpa.MinimartApplication [main] No active profile set, falling back to 1 default profile: "default"
2023-04-23 08:14:32,577 INFO com.unclejack.spring.jpa.MinimartApplication [main] No active profile set, falling back to 1 default profile: "default"
2023-04-23 08:14:33,186 INFO org.springframework.data.repository.config.RepositoryConfigurationDelegate [main] Bootstrapping Spring Data JPA repositories in DEFAULT mode.
2023-04-23 08:14:33,227 INFO org.springframework.data.repository.config.RepositoryConfigurationDelegate [main] Finished Spring Data repository scanning in 34 ms. Found 2 JPA repository interfaces.
2023-04-23 08:14:33,739 INFO org.springframework.boot.web.embedded.tomcat.TomcatWebServer [main] Tomcat initialized with port(s): 8080 (http)
2023-04-23 08:14:33,748 INFO org.apache.catalina.core.StandardService [main] Starting service [Tomcat]
2023-04-23 08:14:33,749 INFO org.apache.catalina.core.StandardEngine [main] Starting Servlet engine: [Apache Tomcat/9.0.64]
2023-04-23 08:14:33,802 INFO org.apache.catalina.core.ContainerBase.[Tomcat].[localhost].[/] [main] Initializing Spring embedded WebApplicationContext
2023-04-23 08:14:33,803 INFO org.springframework.boot.web.servlet.context.ServletWebServerApplicationContext [main] Root WebApplicationContext: initialization completed in 1155 ms
2023-04-23 08:14:33,911 INFO org.hibernate.jpa.internal.util.LogHelper [main] HHH000204: Processing PersistenceUnitInfo [name: default]
2023-04-23 08:14:33,959 INFO org.hibernate.Version [main] HHH000412: Hibernate ORM core version 5.6.9.Final
2023-04-23 08:14:34,115 INFO org.hibernate.annotations.common.Version [main] HCANN000001: Hibernate Commons Annotations {5.1.2.Final}
2023-04-23 08:14:34,193 INFO com.zaxxer.hikari.HikariDataSource [main] HikariPool-1 - Starting...
2023-04-23 08:14:34,274 INFO com.zaxxer.hikari.HikariDataSource [main] HikariPool-1 - Start completed.
2023-04-23 08:14:34,289 INFO org.hibernate.dialect.Dialect [main] HHH000400: Using dialect: org.hibernate.dialect.PostgreSQLDialect
2023-04-23 08:14:34,743 INFO org.hibernate.engine.transaction.jta.platform.internal.JtaPlatformInitiator [main] HHH000490: Using JtaPlatform implementation: [org.hibernate.engine.transaction.jta.platform.internal.NoJtaPlatform]
2023-04-23 08:14:34,748 INFO org.springframework.orm.jpa.LocalContainerEntityManagerFactoryBean [main] Initialized JPA EntityManagerFactory for persistence unit 'default'
2023-04-23 08:14:35,400 WARN org.springframework.boot.autoconfigure.orm.jpa.JpaBaseConfiguration$JpaWebConfiguration [main] spring.jpa.open-in-view is enabled by default. Therefore, database queries may be performed during view rendering. Explicitly configure spring.jpa.open-in-view to disable this warning
2023-04-23 08:14:35,736 WARN org.springframework.boot.web.servlet.context.AnnotationConfigServletWebServerApplicationContext [main] Exception encountered during context initialization - cancelling refresh attempt: org.springframework.context.ApplicationContextException: Failed to start bean 'webServerStartStop'; nested exception is org.springframework.boot.web.server.PortInUseException: Port 8080 is already in use
2023-04-23 08:14:35,738 INFO org.springframework.orm.jpa.LocalContainerEntityManagerFactoryBean [main] Closing JPA EntityManagerFactory for persistence unit 'default'
2023-04-23 08:14:35,739 INFO com.zaxxer.hikari.HikariDataSource [main] HikariPool-1 - Shutdown initiated...
2023-04-23 08:14:35,759 INFO com.zaxxer.hikari.HikariDataSource [main] HikariPool-1 - Shutdown completed.
2023-04-23 08:14:35,761 INFO org.apache.catalina.core.StandardService [main] Stopping service [Tomcat]
2023-04-23 08:14:35,773 INFO org.springframework.boot.autoconfigure.logging.ConditionEvaluationReportLoggingListener [main] 

Error starting ApplicationContext. To display the conditions report re-run your application with 'debug' enabled.
2023-04-23 08:14:35,790 ERROR org.springframework.boot.diagnostics.LoggingFailureAnalysisReporter [main] 

***************************
APPLICATION FAILED TO START
***************************

Description:

Web server failed to start. Port 8080 was already in use.

Action:

Identify and stop the process that's listening on port 8080 or configure this application to listen on another port.

2023-04-23 08:14:49,759 INFO com.unclejack.spring.jpa.MinimartApplication [main] Starting MinimartApplication v0.0.1-SNAPSHOT using Java 11.0.16 on localhost with PID 1 (/app.jar started by root in /)
2023-04-23 08:14:49,759 INFO com.unclejack.spring.jpa.MinimartApplication [main] Starting MinimartApplication v0.0.1-SNAPSHOT using Java 11.0.16 on localhost with PID 1 (/app.jar started by root in /)
2023-04-23 08:14:49,765 INFO com.unclejack.spring.jpa.MinimartApplication [main] No active profile set, falling back to 1 default profile: "default"
2023-04-23 08:14:49,765 INFO com.unclejack.spring.jpa.MinimartApplication [main] No active profile set, falling back to 1 default profile: "default"
2023-04-23 08:14:50,452 INFO org.springframework.data.repository.config.RepositoryConfigurationDelegate [main] Bootstrapping Spring Data JPA repositories in DEFAULT mode.
2023-04-23 08:14:50,498 INFO org.springframework.data.repository.config.RepositoryConfigurationDelegate [main] Finished Spring Data repository scanning in 39 ms. Found 2 JPA repository interfaces.
2023-04-23 08:14:51,103 INFO org.springframework.boot.web.embedded.tomcat.TomcatWebServer [main] Tomcat initialized with port(s): 8080 (http)
2023-04-23 08:14:51,112 INFO org.apache.catalina.core.StandardService [main] Starting service [Tomcat]
2023-04-23 08:14:51,112 INFO org.apache.catalina.core.StandardEngine [main] Starting Servlet engine: [Apache Tomcat/9.0.64]
2023-04-23 08:14:51,168 INFO org.apache.catalina.core.ContainerBase.[Tomcat].[localhost].[/] [main] Initializing Spring embedded WebApplicationContext
2023-04-23 08:14:51,168 INFO org.springframework.boot.web.servlet.context.ServletWebServerApplicationContext [main] Root WebApplicationContext: initialization completed in 1328 ms
2023-04-23 08:14:51,295 INFO org.hibernate.jpa.internal.util.LogHelper [main] HHH000204: Processing PersistenceUnitInfo [name: default]
2023-04-23 08:14:51,329 INFO org.hibernate.Version [main] HHH000412: Hibernate ORM core version 5.6.9.Final
2023-04-23 08:14:51,481 INFO org.hibernate.annotations.common.Version [main] HCANN000001: Hibernate Commons Annotations {5.1.2.Final}
2023-04-23 08:14:51,568 INFO com.zaxxer.hikari.HikariDataSource [main] HikariPool-1 - Starting...
2023-04-23 08:14:51,662 INFO com.zaxxer.hikari.HikariDataSource [main] HikariPool-1 - Start completed.
2023-04-23 08:14:51,677 INFO org.hibernate.dialect.Dialect [main] HHH000400: Using dialect: org.hibernate.dialect.PostgreSQLDialect
2023-04-23 08:14:52,192 INFO org.hibernate.engine.transaction.jta.platform.internal.JtaPlatformInitiator [main] HHH000490: Using JtaPlatform implementation: [org.hibernate.engine.transaction.jta.platform.internal.NoJtaPlatform]
2023-04-23 08:14:52,198 INFO org.springframework.orm.jpa.LocalContainerEntityManagerFactoryBean [main] Initialized JPA EntityManagerFactory for persistence unit 'default'
2023-04-23 08:14:52,634 WARN org.springframework.boot.autoconfigure.orm.jpa.JpaBaseConfiguration$JpaWebConfiguration [main] spring.jpa.open-in-view is enabled by default. Therefore, database queries may be performed during view rendering. Explicitly configure spring.jpa.open-in-view to disable this warning
2023-04-23 08:14:52,892 WARN org.springframework.boot.web.servlet.context.AnnotationConfigServletWebServerApplicationContext [main] Exception encountered during context initialization - cancelling refresh attempt: org.springframework.context.ApplicationContextException: Failed to start bean 'webServerStartStop'; nested exception is org.springframework.boot.web.server.PortInUseException: Port 8080 is already in use
2023-04-23 08:14:52,894 INFO org.springframework.orm.jpa.LocalContainerEntityManagerFactoryBean [main] Closing JPA EntityManagerFactory for persistence unit 'default'
2023-04-23 08:14:52,896 INFO com.zaxxer.hikari.HikariDataSource [main] HikariPool-1 - Shutdown initiated...
2023-04-23 08:14:52,912 INFO com.zaxxer.hikari.HikariDataSource [main] HikariPool-1 - Shutdown completed.
2023-04-23 08:14:52,914 INFO org.apache.catalina.core.StandardService [main] Stopping service [Tomcat]
2023-04-23 08:14:52,925 INFO org.springframework.boot.autoconfigure.logging.ConditionEvaluationReportLoggingListener [main] 

Error starting ApplicationContext. To display the conditions report re-run your application with 'debug' enabled.
2023-04-23 08:14:52,938 ERROR org.springframework.boot.diagnostics.LoggingFailureAnalysisReporter [main] 

***************************
APPLICATION FAILED TO START
***************************

Description:

Web server failed to start. Port 8080 was already in use.

Action:

Identify and stop the process that's listening on port 8080 or configure this application to listen on another port.

2023-04-23 08:15:19,606 INFO com.unclejack.spring.jpa.MinimartApplication [main] Starting MinimartApplication v0.0.1-SNAPSHOT using Java 11.0.16 on localhost with PID 1 (/app.jar started by root in /)
2023-04-23 08:15:19,606 INFO com.unclejack.spring.jpa.MinimartApplication [main] Starting MinimartApplication v0.0.1-SNAPSHOT using Java 11.0.16 on localhost with PID 1 (/app.jar started by root in /)
2023-04-23 08:15:19,609 INFO com.unclejack.spring.jpa.MinimartApplication [main] No active profile set, falling back to 1 default profile: "default"
2023-04-23 08:15:19,609 INFO com.unclejack.spring.jpa.MinimartApplication [main] No active profile set, falling back to 1 default profile: "default"
2023-04-23 08:15:20,160 INFO org.springframework.data.repository.config.RepositoryConfigurationDelegate [main] Bootstrapping Spring Data JPA repositories in DEFAULT mode.
2023-04-23 08:15:20,200 INFO org.springframework.data.repository.config.RepositoryConfigurationDelegate [main] Finished Spring Data repository scanning in 33 ms. Found 2 JPA repository interfaces.
2023-04-23 08:15:20,679 INFO org.springframework.boot.web.embedded.tomcat.TomcatWebServer [main] Tomcat initialized with port(s): 8080 (http)
2023-04-23 08:15:20,688 INFO org.apache.catalina.core.StandardService [main] Starting service [Tomcat]
2023-04-23 08:15:20,688 INFO org.apache.catalina.core.StandardEngine [main] Starting Servlet engine: [Apache Tomcat/9.0.64]
2023-04-23 08:15:20,748 INFO org.apache.catalina.core.ContainerBase.[Tomcat].[localhost].[/] [main] Initializing Spring embedded WebApplicationContext
2023-04-23 08:15:20,748 INFO org.springframework.boot.web.servlet.context.ServletWebServerApplicationContext [main] Root WebApplicationContext: initialization completed in 1100 ms
2023-04-23 08:15:20,860 INFO org.hibernate.jpa.internal.util.LogHelper [main] HHH000204: Processing PersistenceUnitInfo [name: default]
2023-04-23 08:15:20,892 INFO org.hibernate.Version [main] HHH000412: Hibernate ORM core version 5.6.9.Final
2023-04-23 08:15:21,027 INFO org.hibernate.annotations.common.Version [main] HCANN000001: Hibernate Commons Annotations {5.1.2.Final}
2023-04-23 08:15:21,097 INFO com.zaxxer.hikari.HikariDataSource [main] HikariPool-1 - Starting...
2023-04-23 08:15:21,174 INFO com.zaxxer.hikari.HikariDataSource [main] HikariPool-1 - Start completed.
2023-04-23 08:15:21,187 INFO org.hibernate.dialect.Dialect [main] HHH000400: Using dialect: org.hibernate.dialect.PostgreSQLDialect
2023-04-23 08:15:21,629 INFO org.hibernate.engine.transaction.jta.platform.internal.JtaPlatformInitiator [main] HHH000490: Using JtaPlatform implementation: [org.hibernate.engine.transaction.jta.platform.internal.NoJtaPlatform]
2023-04-23 08:15:21,636 INFO org.springframework.orm.jpa.LocalContainerEntityManagerFactoryBean [main] Initialized JPA EntityManagerFactory for persistence unit 'default'
2023-04-23 08:15:22,110 WARN org.springframework.boot.autoconfigure.orm.jpa.JpaBaseConfiguration$JpaWebConfiguration [main] spring.jpa.open-in-view is enabled by default. Therefore, database queries may be performed during view rendering. Explicitly configure spring.jpa.open-in-view to disable this warning
2023-04-23 08:15:22,349 WARN org.springframework.boot.web.servlet.context.AnnotationConfigServletWebServerApplicationContext [main] Exception encountered during context initialization - cancelling refresh attempt: org.springframework.context.ApplicationContextException: Failed to start bean 'webServerStartStop'; nested exception is org.springframework.boot.web.server.PortInUseException: Port 8080 is already in use
2023-04-23 08:15:22,350 INFO org.springframework.orm.jpa.LocalContainerEntityManagerFactoryBean [main] Closing JPA EntityManagerFactory for persistence unit 'default'
2023-04-23 08:15:22,353 INFO com.zaxxer.hikari.HikariDataSource [main] HikariPool-1 - Shutdown initiated...
2023-04-23 08:15:22,378 INFO com.zaxxer.hikari.HikariDataSource [main] HikariPool-1 - Shutdown completed.
2023-04-23 08:15:22,379 INFO org.apache.catalina.core.StandardService [main] Stopping service [Tomcat]
2023-04-23 08:15:22,389 INFO org.springframework.boot.autoconfigure.logging.ConditionEvaluationReportLoggingListener [main] 

Error starting ApplicationContext. To display the conditions report re-run your application with 'debug' enabled.
2023-04-23 08:15:22,422 ERROR org.springframework.boot.diagnostics.LoggingFailureAnalysisReporter [main] 

***************************
APPLICATION FAILED TO START
***************************

Description:

Web server failed to start. Port 8080 was already in use.

Action:

Identify and stop the process that's listening on port 8080 or configure this application to listen on another port.

